[26-Sep-2025 02:11:39 Europe/Berlin] PHP Notice:  session_start(): Ignoring session_start() because a session is already active in C:\xampp\htdocs\MI PROYECTO INICIAL\Sistema-Tareas\includes\auth.php on line 11
[26-Sep-2025 02:11:52 Europe/Berlin] PHP Notice:  session_start(): Ignoring session_start() because a session is already active in C:\xampp\htdocs\MI PROYECTO INICIAL\Sistema-Tareas\includes\auth.php on line 11
[26-Sep-2025 02:11:52 Europe/Berlin] PHP Notice:  session_start(): Ignoring session_start() because a session is already active in C:\xampp\htdocs\MI PROYECTO INICIAL\Sistema-Tareas\includes\auth.php on line 11
[26-Sep-2025 02:12:08 Europe/Berlin] PHP Notice:  session_start(): Ignoring session_start() because a session is already active in C:\xampp\htdocs\MI PROYECTO INICIAL\Sistema-Tareas\includes\auth.php on line 11
[26-Sep-2025 02:12:08 Europe/Berlin] PHP Notice:  session_start(): Ignoring session_start() because a session is already active in C:\xampp\htdocs\MI PROYECTO INICIAL\Sistema-Tareas\includes\auth.php on line 11
[26-Sep-2025 02:27:23 Europe/Berlin] PHP Notice:  session_start(): Ignoring session_start() because a session is already active in C:\xampp\htdocs\MI PROYECTO INICIAL\Sistema-Tareas\includes\auth.php on line 11
[26-Sep-2025 17:26:54 Europe/Berlin] PHP Notice:  session_start(): Ignoring session_start() because a session is already active in C:\xampp\htdocs\MI PROYECTO INICIAL\Sistema-Tareas\includes\auth.php on line 11
[26-Sep-2025 17:29:06 Europe/Berlin] PHP Notice:  session_start(): Ignoring session_start() because a session is already active in C:\xampp\htdocs\MI PROYECTO INICIAL\Sistema-Tareas\includes\auth.php on line 11
[26-Sep-2025 17:29:09 Europe/Berlin] PHP Notice:  session_start(): Ignoring session_start() because a session is already active in C:\xampp\htdocs\MI PROYECTO INICIAL\Sistema-Tareas\includes\auth.php on line 11
[26-Sep-2025 17:29:11 Europe/Berlin] PHP Notice:  session_start(): Ignoring session_start() because a session is already active in C:\xampp\htdocs\MI PROYECTO INICIAL\Sistema-Tareas\includes\auth.php on line 11
[26-Sep-2025 17:29:16 Europe/Berlin] PHP Notice:  session_start(): Ignoring session_start() because a session is already active in C:\xampp\htdocs\MI PROYECTO INICIAL\Sistema-Tareas\includes\auth.php on line 11
[26-Sep-2025 17:29:22 Europe/Berlin] PHP Notice:  session_start(): Ignoring session_start() because a session is already active in C:\xampp\htdocs\MI PROYECTO INICIAL\Sistema-Tareas\includes\auth.php on line 11
[26-Sep-2025 17:29:30 Europe/Berlin] PHP Notice:  session_start(): Ignoring session_start() because a session is already active in C:\xampp\htdocs\MI PROYECTO INICIAL\Sistema-Tareas\includes\auth.php on line 11
[26-Sep-2025 17:29:30 Europe/Berlin] PHP Notice:  session_start(): Ignoring session_start() because a session is already active in C:\xampp\htdocs\MI PROYECTO INICIAL\Sistema-Tareas\includes\auth.php on line 11
[26-Sep-2025 17:29:58 Europe/Berlin] PHP Notice:  session_start(): Ignoring session_start() because a session is already active in C:\xampp\htdocs\MI PROYECTO INICIAL\Sistema-Tareas\includes\auth.php on line 11
[26-Sep-2025 17:29:58 Europe/Berlin] PHP Notice:  session_start(): Ignoring session_start() because a session is already active in C:\xampp\htdocs\MI PROYECTO INICIAL\Sistema-Tareas\includes\auth.php on line 11
[26-Sep-2025 17:30:10 Europe/Berlin] PHP Notice:  session_start(): Ignoring session_start() because a session is already active in C:\xampp\htdocs\MI PROYECTO INICIAL\Sistema-Tareas\includes\auth.php on line 11
[26-Sep-2025 17:30:19 Europe/Berlin] PHP Notice:  session_start(): Ignoring session_start() because a session is already active in C:\xampp\htdocs\MI PROYECTO INICIAL\Sistema-Tareas\includes\auth.php on line 11
[26-Sep-2025 17:30:19 Europe/Berlin] PHP Notice:  session_start(): Ignoring session_start() because a session is already active in C:\xampp\htdocs\MI PROYECTO INICIAL\Sistema-Tareas\includes\auth.php on line 11
[26-Sep-2025 17:30:41 Europe/Berlin] PHP Notice:  session_start(): Ignoring session_start() because a session is already active in C:\xampp\htdocs\MI PROYECTO INICIAL\Sistema-Tareas\includes\auth.php on line 11
[26-Sep-2025 17:30:41 Europe/Berlin] PHP Notice:  session_start(): Ignoring session_start() because a session is already active in C:\xampp\htdocs\MI PROYECTO INICIAL\Sistema-Tareas\includes\auth.php on line 11
[26-Sep-2025 18:58:34 Europe/Berlin] PHP Notice:  session_start(): Ignoring session_start() because a session is already active in C:\xampp\htdocs\MI PROYECTO INICIAL\Sistema-Tareas\includes\auth.php on line 11
[26-Sep-2025 19:03:20 Europe/Berlin] PHP Notice:  session_start(): Ignoring session_start() because a session is already active in C:\xampp\htdocs\MI PROYECTO INICIAL\Sistema-Tareas\includes\auth.php on line 11
[26-Sep-2025 19:05:44 Europe/Berlin] PHP Notice:  session_start(): Ignoring session_start() because a session is already active in C:\xampp\htdocs\MI PROYECTO INICIAL\Sistema-Tareas\includes\auth.php on line 11
[26-Sep-2025 19:06:13 Europe/Berlin] PHP Notice:  session_start(): Ignoring session_start() because a session is already active in C:\xampp\htdocs\MI PROYECTO INICIAL\Sistema-Tareas\includes\auth.php on line 11
[26-Sep-2025 19:06:15 Europe/Berlin] PHP Notice:  session_start(): Ignoring session_start() because a session is already active in C:\xampp\htdocs\MI PROYECTO INICIAL\Sistema-Tareas\includes\auth.php on line 11
[30-Sep-2025 01:36:50 Europe/Berlin] PHP Notice:  session_start(): Ignoring session_start() because a session is already active in C:\xampp\htdocs\MI PROYECTO INICIAL\Sistema-Tareas\includes\auth.php on line 11
[30-Sep-2025 01:37:15 Europe/Berlin] PHP Notice:  session_start(): Ignoring session_start() because a session is already active in C:\xampp\htdocs\MI PROYECTO INICIAL\Sistema-Tareas\includes\auth.php on line 11
[18-Nov-2025 03:21:54 Europe/Berlin] PHP Notice:  session_start(): Ignoring session_start() because a session is already active in C:\xampp\htdocs\MI PROYECTO INICIAL\Sistema-Tareas\includes\auth.php on line 11
[18-Nov-2025 03:22:02 Europe/Berlin] PHP Notice:  session_start(): Ignoring session_start() because a session is already active in C:\xampp\htdocs\MI PROYECTO INICIAL\Sistema-Tareas\includes\auth.php on line 11
[01-May-2026 06:20:56 Europe/Berlin] PHP Notice:  session_start(): Ignoring session_start() because a session is already active in C:\xampp\htdocs\MI PROYECTO INICIAL\Sistema-Tareas\includes\auth.php on line 11
[01-May-2026 06:41:27 Europe/Berlin] PHP Notice:  session_start(): Ignoring session_start() because a session is already active in C:\xampp\htdocs\MI PROYECTO INICIAL\Sistema-Tareas\includes\auth.php on line 11
[01-May-2026 06:56:16 Europe/Berlin] PHP Notice:  session_start(): Ignoring session_start() because a session is already active in C:\xampp\htdocs\MI PROYECTO INICIAL\Sistema-Tareas\includes\auth.php on line 11
[01-May-2026 06:57:12 Europe/Berlin] PHP Notice:  session_start(): Ignoring session_start() because a session is already active in C:\xampp\htdocs\MI PROYECTO INICIAL\Sistema-Tareas\includes\auth.php on line 11
[01-May-2026 06:58:58 Europe/Berlin] PHP Notice:  session_start(): Ignoring session_start() because a session is already active in C:\xampp\htdocs\MI PROYECTO INICIAL\Sistema-Tareas\includes\auth.php on line 11
[01-May-2026 06:59:25 Europe/Berlin] PHP Notice:  session_start(): Ignoring session_start() because a session is already active in C:\xampp\htdocs\MI PROYECTO INICIAL\Sistema-Tareas\includes\auth.php on line 11
[01-May-2026 07:00:49 Europe/Berlin] PHP Notice:  session_start(): Ignoring session_start() because a session is already active in C:\xampp\htdocs\MI PROYECTO INICIAL\Sistema-Tareas\includes\auth.php on line 11
[01-May-2026 07:00:52 Europe/Berlin] PHP Notice:  session_start(): Ignoring session_start() because a session is already active in C:\xampp\htdocs\MI PROYECTO INICIAL\Sistema-Tareas\includes\auth.php on line 11
[01-May-2026 07:01:59 Europe/Berlin] PHP Notice:  session_start(): Ignoring session_start() because a session is already active in C:\xampp\htdocs\MI PROYECTO INICIAL\Sistema-Tareas\includes\auth.php on line 11
[01-May-2026 07:02:01 Europe/Berlin] PHP Notice:  session_start(): Ignoring session_start() because a session is already active in C:\xampp\htdocs\MI PROYECTO INICIAL\Sistema-Tareas\includes\auth.php on line 11
[01-May-2026 07:02:17 Europe/Berlin] PHP Notice:  session_start(): Ignoring session_start() because a session is already active in C:\xampp\htdocs\MI PROYECTO INICIAL\Sistema-Tareas\includes\auth.php on line 11
[01-May-2026 07:06:10 Europe/Berlin] PHP Notice:  session_start(): Ignoring session_start() because a session is already active in C:\xampp\htdocs\MI PROYECTO INICIAL\Sistema-Tareas\includes\auth.php on line 11
[01-May-2026 07:06:25 Europe/Berlin] PHP Notice:  session_start(): Ignoring session_start() because a session is already active in C:\xampp\htdocs\MI PROYECTO INICIAL\Sistema-Tareas\includes\auth.php on line 11
[01-May-2026 07:06:39 Europe/Berlin] PHP Notice:  session_start(): Ignoring session_start() because a session is already active in C:\xampp\htdocs\MI PROYECTO INICIAL\Sistema-Tareas\includes\auth.php on line 11
[01-May-2026 07:06:49 Europe/Berlin] PHP Notice:  session_start(): Ignoring session_start() because a session is already active in C:\xampp\htdocs\MI PROYECTO INICIAL\Sistema-Tareas\includes\auth.php on line 11
[01-May-2026 07:07:02 Europe/Berlin] PHP Notice:  session_start(): Ignoring session_start() because a session is already active in C:\xampp\htdocs\MI PROYECTO INICIAL\Sistema-Tareas\includes\auth.php on line 11
[01-May-2026 07:07:12 Europe/Berlin] PHP Notice:  session_start(): Ignoring session_start() because a session is already active in C:\xampp\htdocs\MI PROYECTO INICIAL\Sistema-Tareas\includes\auth.php on line 11
[01-May-2026 07:07:18 Europe/Berlin] PHP Notice:  session_start(): Ignoring session_start() because a session is already active in C:\xampp\htdocs\MI PROYECTO INICIAL\Sistema-Tareas\includes\auth.php on line 11
[01-May-2026 07:07:57 Europe/Berlin] PHP Notice:  session_start(): Ignoring session_start() because a session is already active in C:\xampp\htdocs\MI PROYECTO INICIAL\Sistema-Tareas\includes\auth.php on line 11
[01-May-2026 07:08:06 Europe/Berlin] PHP Notice:  session_start(): Ignoring session_start() because a session is already active in C:\xampp\htdocs\MI PROYECTO INICIAL\Sistema-Tareas\includes\auth.php on line 11
[01-May-2026 07:08:45 Europe/Berlin] PHP Notice:  session_start(): Ignoring session_start() because a session is already active in C:\xampp\htdocs\MI PROYECTO INICIAL\Sistema-Tareas\includes\auth.php on line 11
[01-May-2026 07:08:51 Europe/Berlin] PHP Notice:  session_start(): Ignoring session_start() because a session is already active in C:\xampp\htdocs\MI PROYECTO INICIAL\Sistema-Tareas\includes\auth.php on line 11
[01-May-2026 07:09:15 Europe/Berlin] PHP Notice:  session_start(): Ignoring session_start() because a session is already active in C:\xampp\htdocs\MI PROYECTO INICIAL\Sistema-Tareas\includes\auth.php on line 11
[01-May-2026 07:09:34 Europe/Berlin] PHP Notice:  session_start(): Ignoring session_start() because a session is already active in C:\xampp\htdocs\MI PROYECTO INICIAL\Sistema-Tareas\includes\auth.php on line 11
[01-May-2026 07:09:41 Europe/Berlin] PHP Notice:  session_start(): Ignoring session_start() because a session is already active in C:\xampp\htdocs\MI PROYECTO INICIAL\Sistema-Tareas\includes\auth.php on line 11
[01-May-2026 07:10:05 Europe/Berlin] PHP Notice:  session_start(): Ignoring session_start() because a session is already active in C:\xampp\htdocs\MI PROYECTO INICIAL\Sistema-Tareas\includes\auth.php on line 11
[01-May-2026 07:11:40 Europe/Berlin] PHP Notice:  session_start(): Ignoring session_start() because a session is already active in C:\xampp\htdocs\MI PROYECTO INICIAL\Sistema-Tareas\includes\auth.php on line 11
[01-May-2026 07:11:41 Europe/Berlin] PHP Notice:  session_start(): Ignoring session_start() because a session is already active in C:\xampp\htdocs\MI PROYECTO INICIAL\Sistema-Tareas\includes\auth.php on line 11
[01-May-2026 07:11:41 Europe/Berlin] PHP Notice:  session_start(): Ignoring session_start() because a session is already active in C:\xampp\htdocs\MI PROYECTO INICIAL\Sistema-Tareas\includes\auth.php on line 11
[01-May-2026 07:11:54 Europe/Berlin] PHP Notice:  session_start(): Ignoring session_start() because a session is already active in C:\xampp\htdocs\MI PROYECTO INICIAL\Sistema-Tareas\includes\auth.php on line 11
[01-May-2026 07:12:04 Europe/Berlin] PHP Notice:  session_start(): Ignoring session_start() because a session is already active in C:\xampp\htdocs\MI PROYECTO INICIAL\Sistema-Tareas\includes\auth.php on line 11
[01-May-2026 07:12:29 Europe/Berlin] PHP Notice:  session_start(): Ignoring session_start() because a session is already active in C:\xampp\htdocs\MI PROYECTO INICIAL\Sistema-Tareas\includes\auth.php on line 11
[01-May-2026 07:12:45 Europe/Berlin] PHP Notice:  session_start(): Ignoring session_start() because a session is already active in C:\xampp\htdocs\MI PROYECTO INICIAL\Sistema-Tareas\includes\auth.php on line 11
[01-May-2026 07:16:29 Europe/Berlin] PHP Notice:  session_start(): Ignoring session_start() because a session is already active in C:\xampp\htdocs\MI PROYECTO INICIAL\Sistema-Tareas\includes\auth.php on line 11
[01-May-2026 07:16:40 Europe/Berlin] PHP Notice:  session_start(): Ignoring session_start() because a session is already active in C:\xampp\htdocs\MI PROYECTO INICIAL\Sistema-Tareas\includes\auth.php on line 11
[01-May-2026 07:16:57 Europe/Berlin] PHP Notice:  session_start(): Ignoring session_start() because a session is already active in C:\xampp\htdocs\MI PROYECTO INICIAL\Sistema-Tareas\includes\auth.php on line 11
[01-May-2026 07:18:45 Europe/Berlin] PHP Notice:  session_start(): Ignoring session_start() because a session is already active in C:\xampp\htdocs\MI PROYECTO INICIAL\Sistema-Tareas\includes\auth.php on line 11
[01-May-2026 07:19:04 Europe/Berlin] PHP Notice:  session_start(): Ignoring session_start() because a session is already active in C:\xampp\htdocs\MI PROYECTO INICIAL\Sistema-Tareas\includes\auth.php on line 11
[01-May-2026 07:19:11 Europe/Berlin] PHP Notice:  session_start(): Ignoring session_start() because a session is already active in C:\xampp\htdocs\MI PROYECTO INICIAL\Sistema-Tareas\includes\auth.php on line 11
[01-May-2026 07:19:21 Europe/Berlin] PHP Notice:  session_start(): Ignoring session_start() because a session is already active in C:\xampp\htdocs\MI PROYECTO INICIAL\Sistema-Tareas\includes\auth.php on line 11
[01-May-2026 07:22:05 Europe/Berlin] PHP Notice:  session_start(): Ignoring session_start() because a session is already active in C:\xampp\htdocs\MI PROYECTO INICIAL\Sistema-Tareas\includes\auth.php on line 11
[01-May-2026 07:24:07 Europe/Berlin] PHP Notice:  session_start(): Ignoring session_start() because a session is already active in C:\xampp\htdocs\MI PROYECTO INICIAL\Sistema-Tareas\includes\auth.php on line 11
[02-May-2026 06:13:27 Europe/Berlin] PHP Notice:  session_start(): Ignoring session_start() because a session is already active in C:\xampp\htdocs\MI PROYECTO INICIAL\Sistema-Tareas\includes\auth.php on line 11
[02-May-2026 06:13:49 Europe/Berlin] PHP Notice:  session_start(): Ignoring session_start() because a session is already active in C:\xampp\htdocs\MI PROYECTO INICIAL\Sistema-Tareas\includes\auth.php on line 11
[02-May-2026 08:16:57 Europe/Berlin] PHP Notice:  session_start(): Ignoring session_start() because a session is already active in C:\xampp\htdocs\MI PROYECTO INICIAL\Sistema-Tareas\includes\auth.php on line 11
[04-May-2026 14:01:33 Europe/Berlin] PHP Notice:  session_start(): Ignoring session_start() because a session is already active in C:\xampp\htdocs\MI PROYECTO INICIAL\Sistema-Tareas\includes\auth.php on line 11
[13-Jun-2026 03:42:41 Europe/Berlin] PHP Notice:  session_start(): Ignoring session_start() because a session is already active in C:\xampp\htdocs\MI PROYECTO INICIAL\Sistema-Tareas\includes\auth.php on line 11
[13-Jun-2026 03:43:06 Europe/Berlin] PHP Notice:  session_start(): Ignoring session_start() because a session is already active in C:\xampp\htdocs\MI PROYECTO INICIAL\Sistema-Tareas\includes\auth.php on line 11
[13-Jun-2026 03:43:34 Europe/Berlin] PHP Notice:  session_start(): Ignoring session_start() because a session is already active in C:\xampp\htdocs\MI PROYECTO INICIAL\Sistema-Tareas\includes\auth.php on line 11
[22-Jun-2026 04:52:19 Europe/Berlin] PHP Notice:  session_start(): Ignoring session_start() because a session is already active in C:\xampp\htdocs\MI PROYECTO INICIAL\Sistema-Tareas\includes\auth.php on line 11
[22-Jun-2026 04:52:54 Europe/Berlin] PHP Notice:  session_start(): Ignoring session_start() because a session is already active in C:\xampp\htdocs\MI PROYECTO INICIAL\Sistema-Tareas\includes\auth.php on line 11
[22-Jun-2026 04:53:32 Europe/Berlin] PHP Notice:  session_start(): Ignoring session_start() because a session is already active in C:\xampp\htdocs\MI PROYECTO INICIAL\Sistema-Tareas\includes\auth.php on line 11
[22-Jun-2026 04:58:19 Europe/Berlin] PHP Notice:  session_start(): Ignoring session_start() because a session is already active in C:\xampp\htdocs\MI PROYECTO INICIAL\Sistema-Tareas\includes\auth.php on line 11
[23-Jun-2026 04:31:32 Europe/Berlin] PHP Notice:  session_start(): Ignoring session_start() because a session is already active in C:\xampp\htdocs\MI PROYECTO INICIAL\Sistema-Tareas\includes\auth.php on line 11
[23-Jun-2026 04:31:53 Europe/Berlin] PHP Notice:  session_start(): Ignoring session_start() because a session is already active in C:\xampp\htdocs\MI PROYECTO INICIAL\Sistema-Tareas\includes\auth.php on line 11
[04-Jul-2026 04:44:35 Europe/Berlin] PHP Notice:  session_start(): Ignoring session_start() because a session is already active in C:\xampp\htdocs\MI PROYECTO INICIAL\Sistema-Tareas\includes\auth.php on line 11
[04-Jul-2026 04:44:41 Europe/Berlin] PHP Notice:  session_start(): Ignoring session_start() because a session is already active in C:\xampp\htdocs\MI PROYECTO INICIAL\Sistema-Tareas\includes\auth.php on line 11
[04-Jul-2026 04:45:00 Europe/Berlin] PHP Notice:  session_start(): Ignoring session_start() because a session is already active in C:\xampp\htdocs\MI PROYECTO INICIAL\Sistema-Tareas\includes\auth.php on line 11
[05-Jul-2026 05:52:33 Europe/Berlin] PHP Notice:  session_start(): Ignoring session_start() because a session is already active in C:\xampp\htdocs\MI PROYECTO INICIAL\Sistema-Tareas\includes\auth.php on line 11
[09-Jul-2026 19:28:21 Europe/Berlin] PHP Notice:  session_start(): Ignoring session_start() because a session is already active in C:\xampp\htdocs\MI PROYECTO INICIAL\Sistema-Tareas\includes\auth.php on line 11
[09-Jul-2026 19:28:34 Europe/Berlin] PHP Notice:  session_start(): Ignoring session_start() because a session is already active in C:\xampp\htdocs\MI PROYECTO INICIAL\Sistema-Tareas\includes\auth.php on line 11
[09-Jul-2026 19:28:41 Europe/Berlin] PHP Notice:  session_start(): Ignoring session_start() because a session is already active in C:\xampp\htdocs\MI PROYECTO INICIAL\Sistema-Tareas\includes\auth.php on line 11
[09-Jul-2026 19:28:46 Europe/Berlin] PHP Notice:  session_start(): Ignoring session_start() because a session is already active in C:\xampp\htdocs\MI PROYECTO INICIAL\Sistema-Tareas\includes\auth.php on line 11
[09-Jul-2026 19:29:11 Europe/Berlin] PHP Notice:  session_start(): Ignoring session_start() because a session is already active in C:\xampp\htdocs\MI PROYECTO INICIAL\Sistema-Tareas\includes\auth.php on line 11
[09-Jul-2026 21:31:01 Europe/Berlin] PHP Notice:  session_start(): Ignoring session_start() because a session is already active in C:\xampp\htdocs\MI PROYECTO INICIAL\Sistema-Tareas\includes\auth.php on line 11
[09-Jul-2026 21:31:08 Europe/Berlin] PHP Notice:  session_start(): Ignoring session_start() because a session is already active in C:\xampp\htdocs\MI PROYECTO INICIAL\Sistema-Tareas\includes\auth.php on line 11
[09-Jul-2026 21:31:28 Europe/Berlin] PHP Notice:  session_start(): Ignoring session_start() because a session is already active in C:\xampp\htdocs\MI PROYECTO INICIAL\Sistema-Tareas\includes\auth.php on line 11
[09-Jul-2026 21:31:30 Europe/Berlin] PHP Notice:  session_start(): Ignoring session_start() because a session is already active in C:\xampp\htdocs\MI PROYECTO INICIAL\Sistema-Tareas\includes\auth.php on line 11
[09-Jul-2026 21:31:34 Europe/Berlin] PHP Notice:  session_start(): Ignoring session_start() because a session is already active in C:\xampp\htdocs\MI PROYECTO INICIAL\Sistema-Tareas\includes\auth.php on line 11
[09-Jul-2026 21:31:43 Europe/Berlin] PHP Notice:  session_start(): Ignoring session_start() because a session is already active in C:\xampp\htdocs\MI PROYECTO INICIAL\Sistema-Tareas\includes\auth.php on line 11
[09-Jul-2026 21:32:19 Europe/Berlin] PHP Notice:  session_start(): Ignoring session_start() because a session is already active in C:\xampp\htdocs\MI PROYECTO INICIAL\Sistema-Tareas\includes\auth.php on line 11
[09-Jul-2026 21:39:36 Europe/Berlin] PHP Notice:  session_start(): Ignoring session_start() because a session is already active in C:\xampp\htdocs\MI PROYECTO INICIAL\Sistema-Tareas\includes\auth.php on line 11
